<?xml version="1.0" encoding="UTF-8"?>
<testng-results skipped="0" failed="1" total="1" passed="0">
  <reporter-output>
  </reporter-output>
  <suite name="Default suite" duration-ms="15438" started-at="2016-08-12T13:29:18Z" finished-at="2016-08-12T13:29:33Z">
    <groups>
    </groups>
    <test name="Default test" duration-ms="15438" started-at="2016-08-12T13:29:18Z" finished-at="2016-08-12T13:29:33Z">
      <class name="scripts.Checkout$ChatFacebook">
        <test-method status="PASS" signature="setup()[pri:0, instance:scripts.Checkout$ChatFacebook@482f8f11]" name="setup" is-config="true" duration-ms="14043" started-at="2016-08-12T20:29:18Z" finished-at="2016-08-12T20:29:32Z">
          <reporter-output>
          </reporter-output>
        </test-method> <!-- setup -->
        <test-method status="FAIL" signature="test_Checkout()[pri:0, instance:scripts.Checkout$ChatFacebook@482f8f11]" name="test_Checkout" duration-ms="15" started-at="2016-08-12T20:29:32Z" finished-at="2016-08-12T20:29:32Z">
          <exception class="java.lang.AssertionError">
            <message>
              <![CDATA[expected [false] but found [true]]]>
            </message>
            <full-stacktrace>
              <![CDATA[java.lang.AssertionError: expected [false] but found [true]
	at org.testng.Assert.fail(Assert.java:94)
	at org.testng.Assert.failNotEquals(Assert.java:494)
	at org.testng.Assert.assertEquals(Assert.java:123)
	at org.testng.Assert.assertEquals(Assert.java:286)
	at org.testng.Assert.assertEquals(Assert.java:296)
	at scripts.Checkout$ChatFacebook.test_Checkout(Checkout.java:30)
	at sun.reflect.NativeMethodAccessorImpl.invoke0(Native Method)
	at sun.reflect.NativeMethodAccessorImpl.invoke(Unknown Source)
	at sun.reflect.DelegatingMethodAccessorImpl.invoke(Unknown Source)
	at java.lang.reflect.Method.invoke(Unknown Source)
	at org.testng.internal.MethodInvocationHelper.invokeMethod(MethodInvocationHelper.java:80)
	at org.testng.internal.Invoker.invokeMethod(Invoker.java:714)
	at org.testng.internal.Invoker.invokeTestMethod(Invoker.java:901)
	at org.testng.internal.Invoker.invokeTestMethods(Invoker.java:1231)
	at org.testng.internal.TestMethodWorker.invokeTestMethods(TestMethodWorker.java:127)
	at org.testng.internal.TestMethodWorker.run(TestMethodWorker.java:111)
	at org.testng.TestRunner.privateRun(TestRunner.java:767)
	at org.testng.TestRunner.run(TestRunner.java:617)
	at org.testng.SuiteRunner.runTest(SuiteRunner.java:334)
	at org.testng.SuiteRunner.runSequentially(SuiteRunner.java:329)
	at org.testng.SuiteRunner.privateRun(SuiteRunner.java:291)
	at org.testng.SuiteRunner.run(SuiteRunner.java:240)
	at org.testng.SuiteRunnerWorker.runSuite(SuiteRunnerWorker.java:52)
	at org.testng.SuiteRunnerWorker.run(SuiteRunnerWorker.java:86)
	at org.testng.TestNG.runSuitesSequentially(TestNG.java:1198)
	at org.testng.TestNG.runSuitesLocally(TestNG.java:1123)
	at org.testng.TestNG.run(TestNG.java:1031)
	at org.testng.remote.AbstractRemoteTestNG.run(AbstractRemoteTestNG.java:126)
	at org.testng.remote.RemoteTestNG.initAndRun(RemoteTestNG.java:152)
	at org.testng.remote.RemoteTestNG.main(RemoteTestNG.java:57)
]]>
            </full-stacktrace>
          </exception> <!-- java.lang.AssertionError -->
          <reporter-output>
          </reporter-output>
        </test-method> <!-- test_Checkout -->
        <test-method status="PASS" signature="teardown(org.testng.ITestResult)[pri:0, instance:scripts.Checkout$ChatFacebook@482f8f11]" name="teardown" is-config="true" duration-ms="1210" started-at="2016-08-12T20:29:32Z" finished-at="2016-08-12T20:29:33Z">
          <params>
            <param index="0">
              <value>
                <![CDATA[[TestResult name=test_Checkout status=FAILURE method=Checkout$ChatFacebook.test_Checkout()[pri:0, instance:scripts.Checkout$ChatFacebook@482f8f11] output={null}]]]>
              </value>
            </param>
          </params>
          <reporter-output>
          </reporter-output>
        </test-method> <!-- teardown -->
      </class> <!-- scripts.Checkout$ChatFacebook -->
    </test> <!-- Default test -->
  </suite> <!-- Default suite -->
</testng-results>
